2025-04-03 16:49:12,133 - INFO - Инициализация бота
2025-04-03 16:49:13,167 - INFO - Планирование фоновой задачи обновления цен
2025-04-03 16:49:13,167 - INFO - Adding job tentatively -- it will be properly scheduled when the scheduler starts
2025-04-03 16:49:13,168 - INFO - Запуск бота
2025-04-03 16:49:13,617 - INFO - HTTP Request: POST https://api.telegram.org/bot7530122571:AAGdLH8oeqnQmr7mksMlQ6kPBKTrDiF7zrk/getMe "HTTP/1.1 200 OK"
2025-04-03 16:49:13,728 - INFO - HTTP Request: POST https://api.telegram.org/bot7530122571:AAGdLH8oeqnQmr7mksMlQ6kPBKTrDiF7zrk/deleteWebhook "HTTP/1.1 200 OK"
2025-04-03 16:49:13,728 - INFO - Added job "update_prices_task" to job store "default"
2025-04-03 16:49:13,729 - INFO - Scheduler started
2025-04-03 16:49:13,729 - INFO - Application started
2025-04-03 16:49:24,216 - INFO - HTTP Request: POST https://api.telegram.org/bot7530122571:AAGdLH8oeqnQmr7mksMlQ6kPBKTrDiF7zrk/getUpdates "HTTP/1.1 200 OK"
2025-04-03 16:49:25,339 - INFO - HTTP Request: POST https://api.telegram.org/bot7530122571:AAGdLH8oeqnQmr7mksMlQ6kPBKTrDiF7zrk/getUpdates "HTTP/1.1 200 OK"
2025-04-03 16:49:25,946 - INFO - HTTP Request: POST https://api.telegram.org/bot7530122571:AAGdLH8oeqnQmr7mksMlQ6kPBKTrDiF7zrk/sendMessage "HTTP/1.1 200 OK"
2025-04-03 16:49:27,598 - INFO - HTTP Request: POST https://api.telegram.org/bot7530122571:AAGdLH8oeqnQmr7mksMlQ6kPBKTrDiF7zrk/getUpdates "HTTP/1.1 200 OK"
2025-04-03 16:49:27,751 - INFO - HTTP Request: POST https://api.telegram.org/bot7530122571:AAGdLH8oeqnQmr7mksMlQ6kPBKTrDiF7zrk/answerCallbackQuery "HTTP/1.1 200 OK"
2025-04-03 16:49:27,887 - INFO - HTTP Request: POST https://api.telegram.org/bot7530122571:AAGdLH8oeqnQmr7mksMlQ6kPBKTrDiF7zrk/editMessageText "HTTP/1.1 200 OK"
2025-04-03 16:49:30,473 - INFO - HTTP Request: POST https://api.telegram.org/bot7530122571:AAGdLH8oeqnQmr7mksMlQ6kPBKTrDiF7zrk/getUpdates "HTTP/1.1 200 OK"
2025-04-03 16:49:30,877 - INFO - HTTP Request: POST https://api.telegram.org/bot7530122571:AAGdLH8oeqnQmr7mksMlQ6kPBKTrDiF7zrk/sendMessage "HTTP/1.1 200 OK"
2025-04-03 16:49:40,608 - INFO - HTTP Request: POST https://api.telegram.org/bot7530122571:AAGdLH8oeqnQmr7mksMlQ6kPBKTrDiF7zrk/getUpdates "HTTP/1.1 200 OK"
2025-04-03 16:49:50,733 - INFO - HTTP Request: POST https://api.telegram.org/bot7530122571:AAGdLH8oeqnQmr7mksMlQ6kPBKTrDiF7zrk/getUpdates "HTTP/1.1 200 OK"
2025-04-03 16:50:00,872 - INFO - HTTP Request: POST https://api.telegram.org/bot7530122571:AAGdLH8oeqnQmr7mksMlQ6kPBKTrDiF7zrk/getUpdates "HTTP/1.1 200 OK"
2025-04-03 16:50:11,114 - INFO - HTTP Request: POST https://api.telegram.org/bot7530122571:AAGdLH8oeqnQmr7mksMlQ6kPBKTrDiF7zrk/getUpdates "HTTP/1.1 200 OK"
2025-04-03 16:50:21,354 - INFO - HTTP Request: POST https://api.telegram.org/bot7530122571:AAGdLH8oeqnQmr7mksMlQ6kPBKTrDiF7zrk/getUpdates "HTTP/1.1 200 OK"
2025-04-03 16:50:31,477 - INFO - HTTP Request: POST https://api.telegram.org/bot7530122571:AAGdLH8oeqnQmr7mksMlQ6kPBKTrDiF7zrk/getUpdates "HTTP/1.1 200 OK"
2025-04-03 16:50:41,625 - INFO - HTTP Request: POST https://api.telegram.org/bot7530122571:AAGdLH8oeqnQmr7mksMlQ6kPBKTrDiF7zrk/getUpdates "HTTP/1.1 200 OK"
2025-04-03 16:50:51,865 - INFO - HTTP Request: POST https://api.telegram.org/bot7530122571:AAGdLH8oeqnQmr7mksMlQ6kPBKTrDiF7zrk/getUpdates "HTTP/1.1 200 OK"
2025-04-03 16:51:01,987 - INFO - HTTP Request: POST https://api.telegram.org/bot7530122571:AAGdLH8oeqnQmr7mksMlQ6kPBKTrDiF7zrk/getUpdates "HTTP/1.1 200 OK"
2025-04-03 16:51:12,111 - INFO - HTTP Request: POST https://api.telegram.org/bot7530122571:AAGdLH8oeqnQmr7mksMlQ6kPBKTrDiF7zrk/getUpdates "HTTP/1.1 200 OK"
2025-04-03 16:51:22,236 - INFO - HTTP Request: POST https://api.telegram.org/bot7530122571:AAGdLH8oeqnQmr7mksMlQ6kPBKTrDiF7zrk/getUpdates "HTTP/1.1 200 OK"
2025-04-03 16:51:32,480 - INFO - HTTP Request: POST https://api.telegram.org/bot7530122571:AAGdLH8oeqnQmr7mksMlQ6kPBKTrDiF7zrk/getUpdates "HTTP/1.1 200 OK"
2025-04-03 16:51:42,720 - INFO - HTTP Request: POST https://api.telegram.org/bot7530122571:AAGdLH8oeqnQmr7mksMlQ6kPBKTrDiF7zrk/getUpdates "HTTP/1.1 200 OK"
2025-04-03 16:51:52,842 - INFO - HTTP Request: POST https://api.telegram.org/bot7530122571:AAGdLH8oeqnQmr7mksMlQ6kPBKTrDiF7zrk/getUpdates "HTTP/1.1 200 OK"
2025-04-03 16:52:03,082 - INFO - HTTP Request: POST https://api.telegram.org/bot7530122571:AAGdLH8oeqnQmr7mksMlQ6kPBKTrDiF7zrk/getUpdates "HTTP/1.1 200 OK"
2025-04-03 16:52:13,208 - INFO - HTTP Request: POST https://api.telegram.org/bot7530122571:AAGdLH8oeqnQmr7mksMlQ6kPBKTrDiF7zrk/getUpdates "HTTP/1.1 200 OK"
2025-04-03 16:52:23,351 - INFO - HTTP Request: POST https://api.telegram.org/bot7530122571:AAGdLH8oeqnQmr7mksMlQ6kPBKTrDiF7zrk/getUpdates "HTTP/1.1 200 OK"
2025-04-03 16:52:33,500 - INFO - HTTP Request: POST https://api.telegram.org/bot7530122571:AAGdLH8oeqnQmr7mksMlQ6kPBKTrDiF7zrk/getUpdates "HTTP/1.1 200 OK"
2025-04-03 16:52:43,624 - INFO - HTTP Request: POST https://api.telegram.org/bot7530122571:AAGdLH8oeqnQmr7mksMlQ6kPBKTrDiF7zrk/getUpdates "HTTP/1.1 200 OK"
2025-04-03 16:52:53,874 - INFO - HTTP Request: POST https://api.telegram.org/bot7530122571:AAGdLH8oeqnQmr7mksMlQ6kPBKTrDiF7zrk/getUpdates "HTTP/1.1 200 OK"
2025-04-03 16:53:03,999 - INFO - HTTP Request: POST https://api.telegram.org/bot7530122571:AAGdLH8oeqnQmr7mksMlQ6kPBKTrDiF7zrk/getUpdates "HTTP/1.1 200 OK"
2025-04-03 16:53:14,244 - INFO - HTTP Request: POST https://api.telegram.org/bot7530122571:AAGdLH8oeqnQmr7mksMlQ6kPBKTrDiF7zrk/getUpdates "HTTP/1.1 200 OK"
2025-04-03 16:53:24,484 - INFO - HTTP Request: POST https://api.telegram.org/bot7530122571:AAGdLH8oeqnQmr7mksMlQ6kPBKTrDiF7zrk/getUpdates "HTTP/1.1 200 OK"
2025-04-03 16:53:34,606 - INFO - HTTP Request: POST https://api.telegram.org/bot7530122571:AAGdLH8oeqnQmr7mksMlQ6kPBKTrDiF7zrk/getUpdates "HTTP/1.1 200 OK"
2025-04-03 16:53:44,731 - INFO - HTTP Request: POST https://api.telegram.org/bot7530122571:AAGdLH8oeqnQmr7mksMlQ6kPBKTrDiF7zrk/getUpdates "HTTP/1.1 200 OK"
2025-04-03 16:53:54,974 - INFO - HTTP Request: POST https://api.telegram.org/bot7530122571:AAGdLH8oeqnQmr7mksMlQ6kPBKTrDiF7zrk/getUpdates "HTTP/1.1 200 OK"
2025-04-03 16:54:05,098 - INFO - HTTP Request: POST https://api.telegram.org/bot7530122571:AAGdLH8oeqnQmr7mksMlQ6kPBKTrDiF7zrk/getUpdates "HTTP/1.1 200 OK"
2025-04-03 16:54:13,180 - INFO - Running job "update_prices_task (trigger: interval[0:05:00], next run at: 2025-04-03 11:59:13 UTC)" (scheduled at 2025-04-03 11:54:13.167213+00:00)
2025-04-03 16:54:15,220 - INFO - HTTP Request: POST https://api.telegram.org/bot7530122571:AAGdLH8oeqnQmr7mksMlQ6kPBKTrDiF7zrk/getUpdates "HTTP/1.1 200 OK"
2025-04-03 16:54:28,490 - INFO - Инициализация бота
2025-04-03 16:54:29,503 - INFO - Планирование фоновой задачи обновления цен
2025-04-03 16:54:29,503 - INFO - Adding job tentatively -- it will be properly scheduled when the scheduler starts
2025-04-03 16:54:29,503 - INFO - Запуск бота
2025-04-03 16:54:29,952 - INFO - HTTP Request: POST https://api.telegram.org/bot7530122571:AAGdLH8oeqnQmr7mksMlQ6kPBKTrDiF7zrk/getMe "HTTP/1.1 200 OK"
2025-04-03 16:54:30,062 - INFO - HTTP Request: POST https://api.telegram.org/bot7530122571:AAGdLH8oeqnQmr7mksMlQ6kPBKTrDiF7zrk/deleteWebhook "HTTP/1.1 200 OK"
2025-04-03 16:54:30,063 - INFO - Added job "update_prices_task" to job store "default"
2025-04-03 16:54:30,063 - INFO - Scheduler started
2025-04-03 16:54:30,064 - INFO - Application started
2025-04-03 16:54:40,105 - INFO - HTTP Request: POST https://api.telegram.org/bot7530122571:AAGdLH8oeqnQmr7mksMlQ6kPBKTrDiF7zrk/getUpdates "HTTP/1.1 200 OK"
2025-04-03 16:54:40,594 - INFO - HTTP Request: POST https://api.telegram.org/bot7530122571:AAGdLH8oeqnQmr7mksMlQ6kPBKTrDiF7zrk/answerCallbackQuery "HTTP/1.1 200 OK"
2025-04-03 16:54:40,738 - INFO - HTTP Request: POST https://api.telegram.org/bot7530122571:AAGdLH8oeqnQmr7mksMlQ6kPBKTrDiF7zrk/editMessageText "HTTP/1.1 200 OK"
2025-04-03 16:54:43,448 - INFO - HTTP Request: POST https://api.telegram.org/bot7530122571:AAGdLH8oeqnQmr7mksMlQ6kPBKTrDiF7zrk/getUpdates "HTTP/1.1 200 OK"
2025-04-03 16:54:43,848 - INFO - HTTP Request: POST https://api.telegram.org/bot7530122571:AAGdLH8oeqnQmr7mksMlQ6kPBKTrDiF7zrk/sendMessage "HTTP/1.1 200 OK"
2025-04-03 16:54:53,581 - INFO - HTTP Request: POST https://api.telegram.org/bot7530122571:AAGdLH8oeqnQmr7mksMlQ6kPBKTrDiF7zrk/getUpdates "HTTP/1.1 200 OK"
2025-04-03 16:55:03,700 - INFO - HTTP Request: POST https://api.telegram.org/bot7530122571:AAGdLH8oeqnQmr7mksMlQ6kPBKTrDiF7zrk/getUpdates "HTTP/1.1 200 OK"
2025-04-03 16:55:13,819 - INFO - HTTP Request: POST https://api.telegram.org/bot7530122571:AAGdLH8oeqnQmr7mksMlQ6kPBKTrDiF7zrk/getUpdates "HTTP/1.1 200 OK"
2025-04-03 16:55:23,938 - INFO - HTTP Request: POST https://api.telegram.org/bot7530122571:AAGdLH8oeqnQmr7mksMlQ6kPBKTrDiF7zrk/getUpdates "HTTP/1.1 200 OK"
2025-04-03 16:55:34,055 - INFO - HTTP Request: POST https://api.telegram.org/bot7530122571:AAGdLH8oeqnQmr7mksMlQ6kPBKTrDiF7zrk/getUpdates "HTTP/1.1 200 OK"
2025-04-03 16:55:44,173 - INFO - HTTP Request: POST https://api.telegram.org/bot7530122571:AAGdLH8oeqnQmr7mksMlQ6kPBKTrDiF7zrk/getUpdates "HTTP/1.1 200 OK"
2025-04-03 16:55:54,290 - INFO - HTTP Request: POST https://api.telegram.org/bot7530122571:AAGdLH8oeqnQmr7mksMlQ6kPBKTrDiF7zrk/getUpdates "HTTP/1.1 200 OK"
2025-04-03 16:56:04,408 - INFO - HTTP Request: POST https://api.telegram.org/bot7530122571:AAGdLH8oeqnQmr7mksMlQ6kPBKTrDiF7zrk/getUpdates "HTTP/1.1 200 OK"
2025-04-03 16:56:14,529 - INFO - HTTP Request: POST https://api.telegram.org/bot7530122571:AAGdLH8oeqnQmr7mksMlQ6kPBKTrDiF7zrk/getUpdates "HTTP/1.1 200 OK"
2025-04-03 16:56:24,648 - INFO - HTTP Request: POST https://api.telegram.org/bot7530122571:AAGdLH8oeqnQmr7mksMlQ6kPBKTrDiF7zrk/getUpdates "HTTP/1.1 200 OK"
2025-04-03 16:56:34,766 - INFO - HTTP Request: POST https://api.telegram.org/bot7530122571:AAGdLH8oeqnQmr7mksMlQ6kPBKTrDiF7zrk/getUpdates "HTTP/1.1 200 OK"
2025-04-03 16:56:44,897 - INFO - HTTP Request: POST https://api.telegram.org/bot7530122571:AAGdLH8oeqnQmr7mksMlQ6kPBKTrDiF7zrk/getUpdates "HTTP/1.1 200 OK"
2025-04-03 16:56:55,014 - INFO - HTTP Request: POST https://api.telegram.org/bot7530122571:AAGdLH8oeqnQmr7mksMlQ6kPBKTrDiF7zrk/getUpdates "HTTP/1.1 200 OK"
2025-04-03 16:57:05,132 - INFO - HTTP Request: POST https://api.telegram.org/bot7530122571:AAGdLH8oeqnQmr7mksMlQ6kPBKTrDiF7zrk/getUpdates "HTTP/1.1 200 OK"
2025-04-03 16:57:15,251 - INFO - HTTP Request: POST https://api.telegram.org/bot7530122571:AAGdLH8oeqnQmr7mksMlQ6kPBKTrDiF7zrk/getUpdates "HTTP/1.1 200 OK"
2025-04-03 16:57:25,369 - INFO - HTTP Request: POST https://api.telegram.org/bot7530122571:AAGdLH8oeqnQmr7mksMlQ6kPBKTrDiF7zrk/getUpdates "HTTP/1.1 200 OK"
2025-04-03 16:57:35,487 - INFO - HTTP Request: POST https://api.telegram.org/bot7530122571:AAGdLH8oeqnQmr7mksMlQ6kPBKTrDiF7zrk/getUpdates "HTTP/1.1 200 OK"
2025-04-03 16:57:45,605 - INFO - HTTP Request: POST https://api.telegram.org/bot7530122571:AAGdLH8oeqnQmr7mksMlQ6kPBKTrDiF7zrk/getUpdates "HTTP/1.1 200 OK"
2025-04-03 16:57:55,723 - INFO - HTTP Request: POST https://api.telegram.org/bot7530122571:AAGdLH8oeqnQmr7mksMlQ6kPBKTrDiF7zrk/getUpdates "HTTP/1.1 200 OK"
2025-04-03 16:58:05,953 - INFO - HTTP Request: POST https://api.telegram.org/bot7530122571:AAGdLH8oeqnQmr7mksMlQ6kPBKTrDiF7zrk/getUpdates "HTTP/1.1 200 OK"
2025-04-03 16:58:16,077 - INFO - HTTP Request: POST https://api.telegram.org/bot7530122571:AAGdLH8oeqnQmr7mksMlQ6kPBKTrDiF7zrk/getUpdates "HTTP/1.1 200 OK"
2025-04-03 16:58:26,197 - INFO - HTTP Request: POST https://api.telegram.org/bot7530122571:AAGdLH8oeqnQmr7mksMlQ6kPBKTrDiF7zrk/getUpdates "HTTP/1.1 200 OK"
2025-04-03 16:58:36,318 - INFO - HTTP Request: POST https://api.telegram.org/bot7530122571:AAGdLH8oeqnQmr7mksMlQ6kPBKTrDiF7zrk/getUpdates "HTTP/1.1 200 OK"
2025-04-03 16:58:46,436 - INFO - HTTP Request: POST https://api.telegram.org/bot7530122571:AAGdLH8oeqnQmr7mksMlQ6kPBKTrDiF7zrk/getUpdates "HTTP/1.1 200 OK"
2025-04-03 16:58:56,554 - INFO - HTTP Request: POST https://api.telegram.org/bot7530122571:AAGdLH8oeqnQmr7mksMlQ6kPBKTrDiF7zrk/getUpdates "HTTP/1.1 200 OK"
2025-04-03 16:59:06,672 - INFO - HTTP Request: POST https://api.telegram.org/bot7530122571:AAGdLH8oeqnQmr7mksMlQ6kPBKTrDiF7zrk/getUpdates "HTTP/1.1 200 OK"
2025-04-03 16:59:16,790 - INFO - HTTP Request: POST https://api.telegram.org/bot7530122571:AAGdLH8oeqnQmr7mksMlQ6kPBKTrDiF7zrk/getUpdates "HTTP/1.1 200 OK"
2025-04-03 16:59:26,908 - INFO - HTTP Request: POST https://api.telegram.org/bot7530122571:AAGdLH8oeqnQmr7mksMlQ6kPBKTrDiF7zrk/getUpdates "HTTP/1.1 200 OK"
2025-04-03 16:59:29,519 - INFO - Running job "update_prices_task (trigger: interval[0:05:00], next run at: 2025-04-03 12:04:29 UTC)" (scheduled at 2025-04-03 11:59:29.503181+00:00)
2025-04-03 16:59:37,027 - INFO - HTTP Request: POST https://api.telegram.org/bot7530122571:AAGdLH8oeqnQmr7mksMlQ6kPBKTrDiF7zrk/getUpdates "HTTP/1.1 200 OK"
2025-04-03 17:00:51,219 - INFO - Инициализация бота
2025-04-03 17:00:52,248 - INFO - Планирование фоновой задачи обновления цен
2025-04-03 17:00:52,249 - INFO - Adding job tentatively -- it will be properly scheduled when the scheduler starts
2025-04-03 17:00:52,249 - INFO - Запуск бота
2025-04-03 17:00:52,706 - INFO - HTTP Request: POST https://api.telegram.org/bot7530122571:AAGdLH8oeqnQmr7mksMlQ6kPBKTrDiF7zrk/getMe "HTTP/1.1 200 OK"
2025-04-03 17:00:52,818 - INFO - HTTP Request: POST https://api.telegram.org/bot7530122571:AAGdLH8oeqnQmr7mksMlQ6kPBKTrDiF7zrk/deleteWebhook "HTTP/1.1 200 OK"
2025-04-03 17:00:52,819 - INFO - Added job "update_prices_task" to job store "default"
2025-04-03 17:00:52,819 - INFO - Scheduler started
2025-04-03 17:00:52,819 - INFO - Application started
2025-04-03 17:00:55,810 - INFO - HTTP Request: POST https://api.telegram.org/bot7530122571:AAGdLH8oeqnQmr7mksMlQ6kPBKTrDiF7zrk/getUpdates "HTTP/1.1 200 OK"
2025-04-03 17:00:56,028 - INFO - HTTP Request: POST https://api.telegram.org/bot7530122571:AAGdLH8oeqnQmr7mksMlQ6kPBKTrDiF7zrk/sendMessage "HTTP/1.1 200 OK"
2025-04-03 17:00:58,437 - INFO - HTTP Request: POST https://api.telegram.org/bot7530122571:AAGdLH8oeqnQmr7mksMlQ6kPBKTrDiF7zrk/getUpdates "HTTP/1.1 200 OK"
2025-04-03 17:00:58,574 - INFO - HTTP Request: POST https://api.telegram.org/bot7530122571:AAGdLH8oeqnQmr7mksMlQ6kPBKTrDiF7zrk/answerCallbackQuery "HTTP/1.1 200 OK"
2025-04-03 17:00:58,721 - INFO - HTTP Request: POST https://api.telegram.org/bot7530122571:AAGdLH8oeqnQmr7mksMlQ6kPBKTrDiF7zrk/editMessageText "HTTP/1.1 200 OK"
2025-04-03 17:01:00,727 - INFO - HTTP Request: POST https://api.telegram.org/bot7530122571:AAGdLH8oeqnQmr7mksMlQ6kPBKTrDiF7zrk/getUpdates "HTTP/1.1 200 OK"
2025-04-03 17:01:01,141 - INFO - HTTP Request: POST https://api.telegram.org/bot7530122571:AAGdLH8oeqnQmr7mksMlQ6kPBKTrDiF7zrk/sendMessage "HTTP/1.1 200 OK"
2025-04-03 17:01:06,667 - INFO - HTTP Request: POST https://api.telegram.org/bot7530122571:AAGdLH8oeqnQmr7mksMlQ6kPBKTrDiF7zrk/getUpdates "HTTP/1.1 200 OK"
2025-04-03 17:01:07,127 - INFO - HTTP Request: POST https://api.telegram.org/bot7530122571:AAGdLH8oeqnQmr7mksMlQ6kPBKTrDiF7zrk/answerCallbackQuery "HTTP/1.1 200 OK"
2025-04-03 17:01:07,303 - INFO - HTTP Request: POST https://api.telegram.org/bot7530122571:AAGdLH8oeqnQmr7mksMlQ6kPBKTrDiF7zrk/editMessageText "HTTP/1.1 200 OK"
2025-04-03 17:01:08,505 - INFO - HTTP Request: POST https://api.telegram.org/bot7530122571:AAGdLH8oeqnQmr7mksMlQ6kPBKTrDiF7zrk/getUpdates "HTTP/1.1 200 OK"
2025-04-03 17:01:08,718 - INFO - HTTP Request: POST https://api.telegram.org/bot7530122571:AAGdLH8oeqnQmr7mksMlQ6kPBKTrDiF7zrk/answerCallbackQuery "HTTP/1.1 200 OK"
2025-04-03 17:01:09,000 - INFO - HTTP Request: POST https://api.telegram.org/bot7530122571:AAGdLH8oeqnQmr7mksMlQ6kPBKTrDiF7zrk/editMessageText "HTTP/1.1 200 OK"
2025-04-03 17:01:09,955 - INFO - HTTP Request: POST https://api.telegram.org/bot7530122571:AAGdLH8oeqnQmr7mksMlQ6kPBKTrDiF7zrk/getUpdates "HTTP/1.1 200 OK"
2025-04-03 17:01:10,124 - INFO - HTTP Request: POST https://api.telegram.org/bot7530122571:AAGdLH8oeqnQmr7mksMlQ6kPBKTrDiF7zrk/answerCallbackQuery "HTTP/1.1 200 OK"
2025-04-03 17:01:10,816 - INFO - HTTP Request: POST https://api.telegram.org/bot7530122571:AAGdLH8oeqnQmr7mksMlQ6kPBKTrDiF7zrk/editMessageText "HTTP/1.1 200 OK"
2025-04-03 17:01:12,024 - INFO - HTTP Request: POST https://api.telegram.org/bot7530122571:AAGdLH8oeqnQmr7mksMlQ6kPBKTrDiF7zrk/getUpdates "HTTP/1.1 200 OK"
2025-04-03 17:01:12,199 - INFO - HTTP Request: POST https://api.telegram.org/bot7530122571:AAGdLH8oeqnQmr7mksMlQ6kPBKTrDiF7zrk/answerCallbackQuery "HTTP/1.1 200 OK"
2025-04-03 17:01:12,379 - INFO - HTTP Request: POST https://api.telegram.org/bot7530122571:AAGdLH8oeqnQmr7mksMlQ6kPBKTrDiF7zrk/editMessageText "HTTP/1.1 200 OK"
2025-04-03 17:01:22,142 - INFO - HTTP Request: POST https://api.telegram.org/bot7530122571:AAGdLH8oeqnQmr7mksMlQ6kPBKTrDiF7zrk/getUpdates "HTTP/1.1 200 OK"
2025-04-03 17:01:32,260 - INFO - HTTP Request: POST https://api.telegram.org/bot7530122571:AAGdLH8oeqnQmr7mksMlQ6kPBKTrDiF7zrk/getUpdates "HTTP/1.1 200 OK"
2025-04-03 17:01:42,376 - INFO - HTTP Request: POST https://api.telegram.org/bot7530122571:AAGdLH8oeqnQmr7mksMlQ6kPBKTrDiF7zrk/getUpdates "HTTP/1.1 200 OK"
2025-04-03 17:01:52,491 - INFO - HTTP Request: POST https://api.telegram.org/bot7530122571:AAGdLH8oeqnQmr7mksMlQ6kPBKTrDiF7zrk/getUpdates "HTTP/1.1 200 OK"
2025-04-03 17:02:02,607 - INFO - HTTP Request: POST https://api.telegram.org/bot7530122571:AAGdLH8oeqnQmr7mksMlQ6kPBKTrDiF7zrk/getUpdates "HTTP/1.1 200 OK"
2025-04-03 17:02:12,720 - INFO - HTTP Request: POST https://api.telegram.org/bot7530122571:AAGdLH8oeqnQmr7mksMlQ6kPBKTrDiF7zrk/getUpdates "HTTP/1.1 200 OK"
2025-04-03 17:02:22,836 - INFO - HTTP Request: POST https://api.telegram.org/bot7530122571:AAGdLH8oeqnQmr7mksMlQ6kPBKTrDiF7zrk/getUpdates "HTTP/1.1 200 OK"
2025-04-03 17:02:32,953 - INFO - HTTP Request: POST https://api.telegram.org/bot7530122571:AAGdLH8oeqnQmr7mksMlQ6kPBKTrDiF7zrk/getUpdates "HTTP/1.1 200 OK"
2025-04-03 17:02:43,073 - INFO - HTTP Request: POST https://api.telegram.org/bot7530122571:AAGdLH8oeqnQmr7mksMlQ6kPBKTrDiF7zrk/getUpdates "HTTP/1.1 200 OK"
2025-04-03 17:02:53,188 - INFO - HTTP Request: POST https://api.telegram.org/bot7530122571:AAGdLH8oeqnQmr7mksMlQ6kPBKTrDiF7zrk/getUpdates "HTTP/1.1 200 OK"
2025-04-03 17:03:03,303 - INFO - HTTP Request: POST https://api.telegram.org/bot7530122571:AAGdLH8oeqnQmr7mksMlQ6kPBKTrDiF7zrk/getUpdates "HTTP/1.1 200 OK"
2025-04-03 17:03:13,421 - INFO - HTTP Request: POST https://api.telegram.org/bot7530122571:AAGdLH8oeqnQmr7mksMlQ6kPBKTrDiF7zrk/getUpdates "HTTP/1.1 200 OK"
2025-04-03 17:03:23,537 - INFO - HTTP Request: POST https://api.telegram.org/bot7530122571:AAGdLH8oeqnQmr7mksMlQ6kPBKTrDiF7zrk/getUpdates "HTTP/1.1 200 OK"
2025-04-03 17:03:33,650 - INFO - HTTP Request: POST https://api.telegram.org/bot7530122571:AAGdLH8oeqnQmr7mksMlQ6kPBKTrDiF7zrk/getUpdates "HTTP/1.1 200 OK"
2025-04-03 17:03:43,877 - INFO - HTTP Request: POST https://api.telegram.org/bot7530122571:AAGdLH8oeqnQmr7mksMlQ6kPBKTrDiF7zrk/getUpdates "HTTP/1.1 200 OK"
2025-04-03 17:03:53,994 - INFO - HTTP Request: POST https://api.telegram.org/bot7530122571:AAGdLH8oeqnQmr7mksMlQ6kPBKTrDiF7zrk/getUpdates "HTTP/1.1 200 OK"
2025-04-03 17:04:04,113 - INFO - HTTP Request: POST https://api.telegram.org/bot7530122571:AAGdLH8oeqnQmr7mksMlQ6kPBKTrDiF7zrk/getUpdates "HTTP/1.1 200 OK"
2025-04-03 17:04:14,230 - INFO - HTTP Request: POST https://api.telegram.org/bot7530122571:AAGdLH8oeqnQmr7mksMlQ6kPBKTrDiF7zrk/getUpdates "HTTP/1.1 200 OK"
2025-04-03 17:04:21,444 - INFO - HTTP Request: POST https://api.telegram.org/bot7530122571:AAGdLH8oeqnQmr7mksMlQ6kPBKTrDiF7zrk/getUpdates "HTTP/1.1 200 OK"
2025-04-03 17:04:21,851 - INFO - HTTP Request: POST https://api.telegram.org/bot7530122571:AAGdLH8oeqnQmr7mksMlQ6kPBKTrDiF7zrk/answerCallbackQuery "HTTP/1.1 200 OK"
2025-04-03 17:04:22,192 - INFO - HTTP Request: POST https://api.telegram.org/bot7530122571:AAGdLH8oeqnQmr7mksMlQ6kPBKTrDiF7zrk/editMessageText "HTTP/1.1 200 OK"
